INFO:client.py:Uploading  file JE3403_ortho.tif [size:17299767 | type:image/tiff]...
INFO:client.py:Uploading  file JE3403_dem.tif [size:5769980 | type:image/tiff]...
INFO:client.py:Uploading  file JE3403.laz [size:10363076 | type:None]...
INFO:client.py:Uploading  file JE3409_dem.tif [size:5769980 | type:image/tiff]...
INFO:client.py:Uploading  file JE3409_ortho.tif [size:17299767 | type:image/tiff]...
INFO:client.py:Uploading  file JE3409.laz [size:13631683 | type:None]...
INFO:client.py:Uploading  file JE3400.laz [size:6150441 | type:None]...
INFO:client.py:Uploading  file JE3400_dem.tif [size:5769980 | type:image/tiff]...
INFO:client.py:Uploading  file JE3400_ortho.tif [size:17299767 | type:image/tiff]...
INFO:client.py:Uploading  file JE3402.laz [size:1772883 | type:None]...
INFO:client.py:Uploading  file JE3402_dem.tif [size:5769980 | type:image/tiff]...
INFO:client.py:Uploading  file JE3402_ortho.tif [size:17299767 | type:image/tiff]...
INFO:client.py:Uploading  file JE3406.laz [size:7653032 | type:None]...
INFO:client.py:Uploading  file JE3406_ortho.tif [size:17299767 | type:image/tiff]...
INFO:client.py:Uploading  file JE3406_dem.tif [size:5769980 | type:image/tiff]...
INFO:client.py:Uploading  file JE3405.laz [size:7071399 | type:None]...
INFO:client.py:Uploading  file JE3405_dem.tif [size:5769980 | type:image/tiff]...
INFO:client.py:Uploading  file JE3405_ortho.tif [size:17299767 | type:image/tiff]...
INFO:client.py:Uploading  file JE3407_ortho.tif [size:17299767 | type:image/tiff]...
INFO:client.py:Uploading  file JE3407_dem.tif [size:5769980 | type:image/tiff]...
INFO:client.py:Uploading  file JE3407.laz [size:15718922 | type:None]...
INFO:client.py:Uploading  file JE3408.laz [size:12056168 | type:None]...
INFO:client.py:Uploading  file JE3408_dem.tif [size:5769980 | type:image/tiff]...
INFO:client.py:Uploading  file JE3408_ortho.tif [size:17299767 | type:image/tiff]...
INFO:client.py:Uploading  file JE3401_dem.tif [size:5769980 | type:image/tiff]...
INFO:client.py:Uploading  file JE3401.laz [size:7040850 | type:None]...
INFO:client.py:Uploading  file JE3401_ortho.tif [size:17299767 | type:image/tiff]...
INFO:client.py:Uploading  file JE3404_dem.tif [size:5769980 | type:image/tiff]...
INFO:client.py:Uploading  file JE3404.laz [size:9231953 | type:None]...
INFO:client.py:Uploading  file JE3404_ortho.tif [size:17299767 | type:image/tiff]...
INFO:client.py:Uploading  file JE3403_ortho.tif [size:17299767 | type:image/tiff]...
INFO:client.py:Uploading  file JE3403_dem.tif [size:5769980 | type:image/tiff]...
INFO:client.py:Uploading  file JE3403.laz [size:10363076 | type:None]...
INFO:client.py:Uploading  file JE3409_dem.tif [size:5769980 | type:image/tiff]...
INFO:client.py:Uploading  file JE3409_ortho.tif [size:17299767 | type:image/tiff]...
INFO:client.py:Uploading  file JE3409.laz [size:13631683 | type:None]...
INFO:client.py:Uploading  file JE3400.laz [size:6150441 | type:None]...
INFO:client.py:Uploading  file JE3400_dem.tif [size:5769980 | type:image/tiff]...
INFO:client.py:Uploading  file JE3400_ortho.tif [size:17299767 | type:image/tiff]...
INFO:client.py:Uploading  file JE3402.laz [size:1772883 | type:None]...
INFO:client.py:Uploading  file JE3402_dem.tif [size:5769980 | type:image/tiff]...
INFO:client.py:Uploading  file JE3402_ortho.tif [size:17299767 | type:image/tiff]...
INFO:client.py:Uploading  file JE3406.laz [size:7653032 | type:None]...
INFO:client.py:Uploading  file JE3406_ortho.tif [size:17299767 | type:image/tiff]...
INFO:client.py:Uploading  file JE3406_dem.tif [size:5769980 | type:image/tiff]...
INFO:client.py:Uploading  file JE3405.laz [size:7071399 | type:None]...
INFO:client.py:Uploading  file JE3405_dem.tif [size:5769980 | type:image/tiff]...
INFO:client.py:Uploading  file JE3405_ortho.tif [size:17299767 | type:image/tiff]...
INFO:client.py:Uploading  file JE3407_ortho.tif [size:17299767 | type:image/tiff]...
INFO:client.py:Uploading  file JE3407_dem.tif [size:5769980 | type:image/tiff]...
INFO:client.py:Uploading  file JE3407.laz [size:15718922 | type:None]...
INFO:client.py:Uploading  file JE3408.laz [size:12056168 | type:None]...
INFO:client.py:Uploading  file JE3408_dem.tif [size:5769980 | type:image/tiff]...
INFO:client.py:Uploading  file JE3408_ortho.tif [size:17299767 | type:image/tiff]...
INFO:client.py:Uploading  file JE3401_dem.tif [size:5769980 | type:image/tiff]...
INFO:client.py:Uploading  file JE3401.laz [size:7040850 | type:None]...
INFO:client.py:Uploading  file JE3401_ortho.tif [size:17299767 | type:image/tiff]...
INFO:client.py:Uploading  file JE3404_dem.tif [size:5769980 | type:image/tiff]...
INFO:client.py:Uploading  file JE3404.laz [size:9231953 | type:None]...
INFO:client.py:Uploading  file JE3404_ortho.tif [size:17299767 | type:image/tiff]...
INFO:client.py:Uploading  file JE3403_ortho.tif [size:17299767 | type:image/tiff]...
INFO:requests.packages.urllib3.connectionpool:Starting new HTTPS connection (1): cephclient.lan.dream.upd.edu.ph
DEBUG:requests.packages.urllib3.connectionpool:"GET /auth HTTP/1.1" 204 0
DEBUG:swiftclient:REQ: curl -i https://cephclient.lan.dream.upd.edu.ph/auth -X GET
DEBUG:swiftclient:RESP STATUS: 204 No Content
DEBUG:swiftclient:RESP HEADERS: [('server', 'Apache/2.2.22 (Fedora)'), ('connection', 'close'), ('x-storage-token', 'AUTH_rgwtk0d00000067656f6e6f64653a737769667483191fd89b474df98f73ed54c87e9915da74067f8aa3a65a31d8a6895409d3a556bf296c'), ('date', 'Tue, 24 Feb 2015 07:02:39 GMT'), ('x-storage-url', 'https://cephclient.lan.dream.upd.edu.ph/swift/v1'), ('x-auth-token', 'AUTH_rgwtk0d00000067656f6e6f64653a737769667483191fd89b474df98f73ed54c87e9915da74067f8aa3a65a31d8a6895409d3a556bf296c'), ('content-type', 'application/json')]
INFO:requests.packages.urllib3.connectionpool:Starting new HTTPS connection (1): cephclient.lan.dream.upd.edu.ph
DEBUG:requests.packages.urllib3.connectionpool:"PUT /swift/v1/JE3403_ortho.tif HTTP/1.1" 201 None
DEBUG:swiftclient:REQ: curl -i https://cephclient.lan.dream.upd.edu.ph/swift/v1/JE3403_ortho.tif -X PUT -H "X-Auth-Token: AUTH_rgwtk0d00000067656f6e6f64653a737769667483191fd89b474df98f73ed54c87e9915da74067f8aa3a65a31d8a6895409d3a556bf296c"
DEBUG:swiftclient:RESP STATUS: 201 Created
DEBUG:swiftclient:RESP HEADERS: [('date', 'Tue, 24 Feb 2015 07:02:39 GMT'), ('transfer-encoding', 'chunked'), ('connection', 'close'), ('content-type', 'text/plain; charset=utf-8'), ('server', 'Apache/2.2.22 (Fedora)')]
INFO:client.py:Uploading  file JE3403_dem.tif [size:5769980 | type:image/tiff]...
INFO:requests.packages.urllib3.connectionpool:Resetting dropped connection: cephclient.lan.dream.upd.edu.ph
DEBUG:requests.packages.urllib3.connectionpool:"PUT /swift/v1/JE3403_dem.tif HTTP/1.1" 201 None
DEBUG:swiftclient:REQ: curl -i https://cephclient.lan.dream.upd.edu.ph/swift/v1/JE3403_dem.tif -X PUT -H "X-Auth-Token: AUTH_rgwtk0d00000067656f6e6f64653a737769667483191fd89b474df98f73ed54c87e9915da74067f8aa3a65a31d8a6895409d3a556bf296c"
DEBUG:swiftclient:RESP STATUS: 201 Created
DEBUG:swiftclient:RESP HEADERS: [('date', 'Tue, 24 Feb 2015 07:02:40 GMT'), ('transfer-encoding', 'chunked'), ('connection', 'close'), ('content-type', 'text/plain; charset=utf-8'), ('server', 'Apache/2.2.22 (Fedora)')]
INFO:client.py:Uploading  file JE3403.laz [size:10363076 | type:None]...
INFO:requests.packages.urllib3.connectionpool:Resetting dropped connection: cephclient.lan.dream.upd.edu.ph
DEBUG:requests.packages.urllib3.connectionpool:"PUT /swift/v1/JE3403.laz HTTP/1.1" 201 None
DEBUG:swiftclient:REQ: curl -i https://cephclient.lan.dream.upd.edu.ph/swift/v1/JE3403.laz -X PUT -H "X-Auth-Token: AUTH_rgwtk0d00000067656f6e6f64653a737769667483191fd89b474df98f73ed54c87e9915da74067f8aa3a65a31d8a6895409d3a556bf296c"
DEBUG:swiftclient:RESP STATUS: 201 Created
DEBUG:swiftclient:RESP HEADERS: [('date', 'Tue, 24 Feb 2015 07:02:42 GMT'), ('transfer-encoding', 'chunked'), ('connection', 'close'), ('content-type', 'text/plain; charset=utf-8'), ('server', 'Apache/2.2.22 (Fedora)')]
INFO:client.py:Uploading  file JE3409_dem.tif [size:5769980 | type:image/tiff]...
INFO:requests.packages.urllib3.connectionpool:Resetting dropped connection: cephclient.lan.dream.upd.edu.ph
DEBUG:requests.packages.urllib3.connectionpool:"PUT /swift/v1/JE3409_dem.tif HTTP/1.1" 201 None
DEBUG:swiftclient:REQ: curl -i https://cephclient.lan.dream.upd.edu.ph/swift/v1/JE3409_dem.tif -X PUT -H "X-Auth-Token: AUTH_rgwtk0d00000067656f6e6f64653a737769667483191fd89b474df98f73ed54c87e9915da74067f8aa3a65a31d8a6895409d3a556bf296c"
DEBUG:swiftclient:RESP STATUS: 201 Created
DEBUG:swiftclient:RESP HEADERS: [('date', 'Tue, 24 Feb 2015 07:02:44 GMT'), ('transfer-encoding', 'chunked'), ('connection', 'close'), ('content-type', 'text/plain; charset=utf-8'), ('server', 'Apache/2.2.22 (Fedora)')]
INFO:client.py:Uploading  file JE3409_ortho.tif [size:17299767 | type:image/tiff]...
INFO:requests.packages.urllib3.connectionpool:Resetting dropped connection: cephclient.lan.dream.upd.edu.ph
DEBUG:requests.packages.urllib3.connectionpool:"PUT /swift/v1/JE3409_ortho.tif HTTP/1.1" 201 None
DEBUG:swiftclient:REQ: curl -i https://cephclient.lan.dream.upd.edu.ph/swift/v1/JE3409_ortho.tif -X PUT -H "X-Auth-Token: AUTH_rgwtk0d00000067656f6e6f64653a737769667483191fd89b474df98f73ed54c87e9915da74067f8aa3a65a31d8a6895409d3a556bf296c"
DEBUG:swiftclient:RESP STATUS: 201 Created
DEBUG:swiftclient:RESP HEADERS: [('date', 'Tue, 24 Feb 2015 07:02:45 GMT'), ('transfer-encoding', 'chunked'), ('connection', 'close'), ('content-type', 'text/plain; charset=utf-8'), ('server', 'Apache/2.2.22 (Fedora)')]
INFO:client.py:Uploading  file JE3409.laz [size:13631683 | type:None]...
INFO:requests.packages.urllib3.connectionpool:Resetting dropped connection: cephclient.lan.dream.upd.edu.ph
DEBUG:requests.packages.urllib3.connectionpool:"PUT /swift/v1/JE3409.laz HTTP/1.1" 201 None
DEBUG:swiftclient:REQ: curl -i https://cephclient.lan.dream.upd.edu.ph/swift/v1/JE3409.laz -X PUT -H "X-Auth-Token: AUTH_rgwtk0d00000067656f6e6f64653a737769667483191fd89b474df98f73ed54c87e9915da74067f8aa3a65a31d8a6895409d3a556bf296c"
DEBUG:swiftclient:RESP STATUS: 201 Created
DEBUG:swiftclient:RESP HEADERS: [('date', 'Tue, 24 Feb 2015 07:02:46 GMT'), ('transfer-encoding', 'chunked'), ('connection', 'close'), ('content-type', 'text/plain; charset=utf-8'), ('server', 'Apache/2.2.22 (Fedora)')]
INFO:client.py:Uploading  file JE3400.laz [size:6150441 | type:None]...
INFO:requests.packages.urllib3.connectionpool:Resetting dropped connection: cephclient.lan.dream.upd.edu.ph
DEBUG:requests.packages.urllib3.connectionpool:"PUT /swift/v1/JE3400.laz HTTP/1.1" 201 None
DEBUG:swiftclient:REQ: curl -i https://cephclient.lan.dream.upd.edu.ph/swift/v1/JE3400.laz -X PUT -H "X-Auth-Token: AUTH_rgwtk0d00000067656f6e6f64653a737769667483191fd89b474df98f73ed54c87e9915da74067f8aa3a65a31d8a6895409d3a556bf296c"
DEBUG:swiftclient:RESP STATUS: 201 Created
DEBUG:swiftclient:RESP HEADERS: [('date', 'Tue, 24 Feb 2015 07:02:47 GMT'), ('transfer-encoding', 'chunked'), ('connection', 'close'), ('content-type', 'text/plain; charset=utf-8'), ('server', 'Apache/2.2.22 (Fedora)')]
INFO:client.py:Uploading  file JE3400_dem.tif [size:5769980 | type:image/tiff]...
INFO:requests.packages.urllib3.connectionpool:Resetting dropped connection: cephclient.lan.dream.upd.edu.ph
DEBUG:requests.packages.urllib3.connectionpool:"PUT /swift/v1/JE3400_dem.tif HTTP/1.1" 201 None
DEBUG:swiftclient:REQ: curl -i https://cephclient.lan.dream.upd.edu.ph/swift/v1/JE3400_dem.tif -X PUT -H "X-Auth-Token: AUTH_rgwtk0d00000067656f6e6f64653a737769667483191fd89b474df98f73ed54c87e9915da74067f8aa3a65a31d8a6895409d3a556bf296c"
DEBUG:swiftclient:RESP STATUS: 201 Created
DEBUG:swiftclient:RESP HEADERS: [('date', 'Tue, 24 Feb 2015 07:02:48 GMT'), ('transfer-encoding', 'chunked'), ('connection', 'close'), ('content-type', 'text/plain; charset=utf-8'), ('server', 'Apache/2.2.22 (Fedora)')]
INFO:client.py:Uploading  file JE3400_ortho.tif [size:17299767 | type:image/tiff]...
INFO:requests.packages.urllib3.connectionpool:Resetting dropped connection: cephclient.lan.dream.upd.edu.ph
DEBUG:requests.packages.urllib3.connectionpool:"PUT /swift/v1/JE3400_ortho.tif HTTP/1.1" 201 None
DEBUG:swiftclient:REQ: curl -i https://cephclient.lan.dream.upd.edu.ph/swift/v1/JE3400_ortho.tif -X PUT -H "X-Auth-Token: AUTH_rgwtk0d00000067656f6e6f64653a737769667483191fd89b474df98f73ed54c87e9915da74067f8aa3a65a31d8a6895409d3a556bf296c"
DEBUG:swiftclient:RESP STATUS: 201 Created
DEBUG:swiftclient:RESP HEADERS: [('date', 'Tue, 24 Feb 2015 07:02:50 GMT'), ('transfer-encoding', 'chunked'), ('connection', 'close'), ('content-type', 'text/plain; charset=utf-8'), ('server', 'Apache/2.2.22 (Fedora)')]
INFO:client.py:Uploading  file JE3402.laz [size:1772883 | type:None]...
INFO:requests.packages.urllib3.connectionpool:Resetting dropped connection: cephclient.lan.dream.upd.edu.ph
DEBUG:requests.packages.urllib3.connectionpool:"PUT /swift/v1/JE3402.laz HTTP/1.1" 201 None
DEBUG:swiftclient:REQ: curl -i https://cephclient.lan.dream.upd.edu.ph/swift/v1/JE3402.laz -X PUT -H "X-Auth-Token: AUTH_rgwtk0d00000067656f6e6f64653a737769667483191fd89b474df98f73ed54c87e9915da74067f8aa3a65a31d8a6895409d3a556bf296c"
DEBUG:swiftclient:RESP STATUS: 201 Created
DEBUG:swiftclient:RESP HEADERS: [('date', 'Tue, 24 Feb 2015 07:02:52 GMT'), ('transfer-encoding', 'chunked'), ('connection', 'close'), ('content-type', 'text/plain; charset=utf-8'), ('server', 'Apache/2.2.22 (Fedora)')]
INFO:client.py:Uploading  file JE3402_dem.tif [size:5769980 | type:image/tiff]...
INFO:requests.packages.urllib3.connectionpool:Resetting dropped connection: cephclient.lan.dream.upd.edu.ph
DEBUG:requests.packages.urllib3.connectionpool:"PUT /swift/v1/JE3402_dem.tif HTTP/1.1" 201 None
DEBUG:swiftclient:REQ: curl -i https://cephclient.lan.dream.upd.edu.ph/swift/v1/JE3402_dem.tif -X PUT -H "X-Auth-Token: AUTH_rgwtk0d00000067656f6e6f64653a737769667483191fd89b474df98f73ed54c87e9915da74067f8aa3a65a31d8a6895409d3a556bf296c"
DEBUG:swiftclient:RESP STATUS: 201 Created
DEBUG:swiftclient:RESP HEADERS: [('date', 'Tue, 24 Feb 2015 07:02:53 GMT'), ('transfer-encoding', 'chunked'), ('connection', 'close'), ('content-type', 'text/plain; charset=utf-8'), ('server', 'Apache/2.2.22 (Fedora)')]
INFO:client.py:Uploading  file JE3402_ortho.tif [size:17299767 | type:image/tiff]...
INFO:requests.packages.urllib3.connectionpool:Resetting dropped connection: cephclient.lan.dream.upd.edu.ph
DEBUG:requests.packages.urllib3.connectionpool:"PUT /swift/v1/JE3402_ortho.tif HTTP/1.1" 201 None
DEBUG:swiftclient:REQ: curl -i https://cephclient.lan.dream.upd.edu.ph/swift/v1/JE3402_ortho.tif -X PUT -H "X-Auth-Token: AUTH_rgwtk0d00000067656f6e6f64653a737769667483191fd89b474df98f73ed54c87e9915da74067f8aa3a65a31d8a6895409d3a556bf296c"
DEBUG:swiftclient:RESP STATUS: 201 Created
DEBUG:swiftclient:RESP HEADERS: [('date', 'Tue, 24 Feb 2015 07:02:54 GMT'), ('transfer-encoding', 'chunked'), ('connection', 'close'), ('content-type', 'text/plain; charset=utf-8'), ('server', 'Apache/2.2.22 (Fedora)')]
INFO:client.py:Uploading  file JE3406.laz [size:7653032 | type:None]...
INFO:requests.packages.urllib3.connectionpool:Resetting dropped connection: cephclient.lan.dream.upd.edu.ph
DEBUG:requests.packages.urllib3.connectionpool:"PUT /swift/v1/JE3406.laz HTTP/1.1" 201 None
DEBUG:swiftclient:REQ: curl -i https://cephclient.lan.dream.upd.edu.ph/swift/v1/JE3406.laz -X PUT -H "X-Auth-Token: AUTH_rgwtk0d00000067656f6e6f64653a737769667483191fd89b474df98f73ed54c87e9915da74067f8aa3a65a31d8a6895409d3a556bf296c"
DEBUG:swiftclient:RESP STATUS: 201 Created
DEBUG:swiftclient:RESP HEADERS: [('date', 'Tue, 24 Feb 2015 07:02:55 GMT'), ('transfer-encoding', 'chunked'), ('connection', 'close'), ('content-type', 'text/plain; charset=utf-8'), ('server', 'Apache/2.2.22 (Fedora)')]
INFO:client.py:Uploading  file JE3406_ortho.tif [size:17299767 | type:image/tiff]...
INFO:requests.packages.urllib3.connectionpool:Resetting dropped connection: cephclient.lan.dream.upd.edu.ph
DEBUG:requests.packages.urllib3.connectionpool:"PUT /swift/v1/JE3406_ortho.tif HTTP/1.1" 201 None
DEBUG:swiftclient:REQ: curl -i https://cephclient.lan.dream.upd.edu.ph/swift/v1/JE3406_ortho.tif -X PUT -H "X-Auth-Token: AUTH_rgwtk0d00000067656f6e6f64653a737769667483191fd89b474df98f73ed54c87e9915da74067f8aa3a65a31d8a6895409d3a556bf296c"
DEBUG:swiftclient:RESP STATUS: 201 Created
DEBUG:swiftclient:RESP HEADERS: [('date', 'Tue, 24 Feb 2015 07:02:56 GMT'), ('transfer-encoding', 'chunked'), ('connection', 'close'), ('content-type', 'text/plain; charset=utf-8'), ('server', 'Apache/2.2.22 (Fedora)')]
INFO:client.py:Uploading  file JE3406_dem.tif [size:5769980 | type:image/tiff]...
INFO:requests.packages.urllib3.connectionpool:Resetting dropped connection: cephclient.lan.dream.upd.edu.ph
DEBUG:requests.packages.urllib3.connectionpool:"PUT /swift/v1/JE3406_dem.tif HTTP/1.1" 201 None
DEBUG:swiftclient:REQ: curl -i https://cephclient.lan.dream.upd.edu.ph/swift/v1/JE3406_dem.tif -X PUT -H "X-Auth-Token: AUTH_rgwtk0d00000067656f6e6f64653a737769667483191fd89b474df98f73ed54c87e9915da74067f8aa3a65a31d8a6895409d3a556bf296c"
DEBUG:swiftclient:RESP STATUS: 201 Created
DEBUG:swiftclient:RESP HEADERS: [('date', 'Tue, 24 Feb 2015 07:02:57 GMT'), ('transfer-encoding', 'chunked'), ('connection', 'close'), ('content-type', 'text/plain; charset=utf-8'), ('server', 'Apache/2.2.22 (Fedora)')]
INFO:client.py:Uploading  file JE3405.laz [size:7071399 | type:None]...
INFO:requests.packages.urllib3.connectionpool:Resetting dropped connection: cephclient.lan.dream.upd.edu.ph
DEBUG:requests.packages.urllib3.connectionpool:"PUT /swift/v1/JE3405.laz HTTP/1.1" 201 None
DEBUG:swiftclient:REQ: curl -i https://cephclient.lan.dream.upd.edu.ph/swift/v1/JE3405.laz -X PUT -H "X-Auth-Token: AUTH_rgwtk0d00000067656f6e6f64653a737769667483191fd89b474df98f73ed54c87e9915da74067f8aa3a65a31d8a6895409d3a556bf296c"
DEBUG:swiftclient:RESP STATUS: 201 Created
DEBUG:swiftclient:RESP HEADERS: [('date', 'Tue, 24 Feb 2015 07:02:59 GMT'), ('transfer-encoding', 'chunked'), ('connection', 'close'), ('content-type', 'text/plain; charset=utf-8'), ('server', 'Apache/2.2.22 (Fedora)')]
INFO:client.py:Uploading  file JE3405_dem.tif [size:5769980 | type:image/tiff]...
INFO:requests.packages.urllib3.connectionpool:Resetting dropped connection: cephclient.lan.dream.upd.edu.ph
DEBUG:requests.packages.urllib3.connectionpool:"PUT /swift/v1/JE3405_dem.tif HTTP/1.1" 201 None
DEBUG:swiftclient:REQ: curl -i https://cephclient.lan.dream.upd.edu.ph/swift/v1/JE3405_dem.tif -X PUT -H "X-Auth-Token: AUTH_rgwtk0d00000067656f6e6f64653a737769667483191fd89b474df98f73ed54c87e9915da74067f8aa3a65a31d8a6895409d3a556bf296c"
DEBUG:swiftclient:RESP STATUS: 201 Created
DEBUG:swiftclient:RESP HEADERS: [('date', 'Tue, 24 Feb 2015 07:03:00 GMT'), ('transfer-encoding', 'chunked'), ('connection', 'close'), ('content-type', 'text/plain; charset=utf-8'), ('server', 'Apache/2.2.22 (Fedora)')]
INFO:client.py:Uploading  file JE3405_ortho.tif [size:17299767 | type:image/tiff]...
INFO:requests.packages.urllib3.connectionpool:Resetting dropped connection: cephclient.lan.dream.upd.edu.ph
DEBUG:requests.packages.urllib3.connectionpool:"PUT /swift/v1/JE3405_ortho.tif HTTP/1.1" 201 None
DEBUG:swiftclient:REQ: curl -i https://cephclient.lan.dream.upd.edu.ph/swift/v1/JE3405_ortho.tif -X PUT -H "X-Auth-Token: AUTH_rgwtk0d00000067656f6e6f64653a737769667483191fd89b474df98f73ed54c87e9915da74067f8aa3a65a31d8a6895409d3a556bf296c"
DEBUG:swiftclient:RESP STATUS: 201 Created
DEBUG:swiftclient:RESP HEADERS: [('date', 'Tue, 24 Feb 2015 07:03:02 GMT'), ('transfer-encoding', 'chunked'), ('connection', 'close'), ('content-type', 'text/plain; charset=utf-8'), ('server', 'Apache/2.2.22 (Fedora)')]
INFO:client.py:Uploading  file JE3407_ortho.tif [size:17299767 | type:image/tiff]...
INFO:requests.packages.urllib3.connectionpool:Resetting dropped connection: cephclient.lan.dream.upd.edu.ph
DEBUG:requests.packages.urllib3.connectionpool:"PUT /swift/v1/JE3407_ortho.tif HTTP/1.1" 201 None
DEBUG:swiftclient:REQ: curl -i https://cephclient.lan.dream.upd.edu.ph/swift/v1/JE3407_ortho.tif -X PUT -H "X-Auth-Token: AUTH_rgwtk0d00000067656f6e6f64653a737769667483191fd89b474df98f73ed54c87e9915da74067f8aa3a65a31d8a6895409d3a556bf296c"
DEBUG:swiftclient:RESP STATUS: 201 Created
DEBUG:swiftclient:RESP HEADERS: [('date', 'Tue, 24 Feb 2015 07:03:04 GMT'), ('transfer-encoding', 'chunked'), ('connection', 'close'), ('content-type', 'text/plain; charset=utf-8'), ('server', 'Apache/2.2.22 (Fedora)')]
INFO:client.py:Uploading  file JE3407_dem.tif [size:5769980 | type:image/tiff]...
INFO:requests.packages.urllib3.connectionpool:Resetting dropped connection: cephclient.lan.dream.upd.edu.ph
DEBUG:requests.packages.urllib3.connectionpool:"PUT /swift/v1/JE3407_dem.tif HTTP/1.1" 201 None
DEBUG:swiftclient:REQ: curl -i https://cephclient.lan.dream.upd.edu.ph/swift/v1/JE3407_dem.tif -X PUT -H "X-Auth-Token: AUTH_rgwtk0d00000067656f6e6f64653a737769667483191fd89b474df98f73ed54c87e9915da74067f8aa3a65a31d8a6895409d3a556bf296c"
DEBUG:swiftclient:RESP STATUS: 201 Created
DEBUG:swiftclient:RESP HEADERS: [('date', 'Tue, 24 Feb 2015 07:03:05 GMT'), ('transfer-encoding', 'chunked'), ('connection', 'close'), ('content-type', 'text/plain; charset=utf-8'), ('server', 'Apache/2.2.22 (Fedora)')]
INFO:client.py:Uploading  file JE3407.laz [size:15718922 | type:None]...
INFO:requests.packages.urllib3.connectionpool:Resetting dropped connection: cephclient.lan.dream.upd.edu.ph
DEBUG:requests.packages.urllib3.connectionpool:"PUT /swift/v1/JE3407.laz HTTP/1.1" 201 None
DEBUG:swiftclient:REQ: curl -i https://cephclient.lan.dream.upd.edu.ph/swift/v1/JE3407.laz -X PUT -H "X-Auth-Token: AUTH_rgwtk0d00000067656f6e6f64653a737769667483191fd89b474df98f73ed54c87e9915da74067f8aa3a65a31d8a6895409d3a556bf296c"
DEBUG:swiftclient:RESP STATUS: 201 Created
DEBUG:swiftclient:RESP HEADERS: [('date', 'Tue, 24 Feb 2015 07:03:06 GMT'), ('transfer-encoding', 'chunked'), ('connection', 'close'), ('content-type', 'text/plain; charset=utf-8'), ('server', 'Apache/2.2.22 (Fedora)')]
INFO:client.py:Uploading  file JE3408.laz [size:12056168 | type:None]...
INFO:requests.packages.urllib3.connectionpool:Resetting dropped connection: cephclient.lan.dream.upd.edu.ph
DEBUG:requests.packages.urllib3.connectionpool:"PUT /swift/v1/JE3408.laz HTTP/1.1" 201 None
DEBUG:swiftclient:REQ: curl -i https://cephclient.lan.dream.upd.edu.ph/swift/v1/JE3408.laz -X PUT -H "X-Auth-Token: AUTH_rgwtk0d00000067656f6e6f64653a737769667483191fd89b474df98f73ed54c87e9915da74067f8aa3a65a31d8a6895409d3a556bf296c"
DEBUG:swiftclient:RESP STATUS: 201 Created
DEBUG:swiftclient:RESP HEADERS: [('date', 'Tue, 24 Feb 2015 07:03:07 GMT'), ('transfer-encoding', 'chunked'), ('connection', 'close'), ('content-type', 'text/plain; charset=utf-8'), ('server', 'Apache/2.2.22 (Fedora)')]
INFO:client.py:Uploading  file JE3408_dem.tif [size:5769980 | type:image/tiff]...
INFO:requests.packages.urllib3.connectionpool:Resetting dropped connection: cephclient.lan.dream.upd.edu.ph
DEBUG:requests.packages.urllib3.connectionpool:"PUT /swift/v1/JE3408_dem.tif HTTP/1.1" 201 None
DEBUG:swiftclient:REQ: curl -i https://cephclient.lan.dream.upd.edu.ph/swift/v1/JE3408_dem.tif -X PUT -H "X-Auth-Token: AUTH_rgwtk0d00000067656f6e6f64653a737769667483191fd89b474df98f73ed54c87e9915da74067f8aa3a65a31d8a6895409d3a556bf296c"
DEBUG:swiftclient:RESP STATUS: 201 Created
DEBUG:swiftclient:RESP HEADERS: [('date', 'Tue, 24 Feb 2015 07:03:09 GMT'), ('transfer-encoding', 'chunked'), ('connection', 'close'), ('content-type', 'text/plain; charset=utf-8'), ('server', 'Apache/2.2.22 (Fedora)')]
INFO:client.py:Uploading  file JE3408_ortho.tif [size:17299767 | type:image/tiff]...
INFO:requests.packages.urllib3.connectionpool:Resetting dropped connection: cephclient.lan.dream.upd.edu.ph
DEBUG:requests.packages.urllib3.connectionpool:"PUT /swift/v1/JE3408_ortho.tif HTTP/1.1" 201 None
DEBUG:swiftclient:REQ: curl -i https://cephclient.lan.dream.upd.edu.ph/swift/v1/JE3408_ortho.tif -X PUT -H "X-Auth-Token: AUTH_rgwtk0d00000067656f6e6f64653a737769667483191fd89b474df98f73ed54c87e9915da74067f8aa3a65a31d8a6895409d3a556bf296c"
DEBUG:swiftclient:RESP STATUS: 201 Created
DEBUG:swiftclient:RESP HEADERS: [('date', 'Tue, 24 Feb 2015 07:03:10 GMT'), ('transfer-encoding', 'chunked'), ('connection', 'close'), ('content-type', 'text/plain; charset=utf-8'), ('server', 'Apache/2.2.22 (Fedora)')]
INFO:client.py:Uploading  file JE3401_dem.tif [size:5769980 | type:image/tiff]...
INFO:requests.packages.urllib3.connectionpool:Resetting dropped connection: cephclient.lan.dream.upd.edu.ph
DEBUG:requests.packages.urllib3.connectionpool:"PUT /swift/v1/JE3401_dem.tif HTTP/1.1" 201 None
DEBUG:swiftclient:REQ: curl -i https://cephclient.lan.dream.upd.edu.ph/swift/v1/JE3401_dem.tif -X PUT -H "X-Auth-Token: AUTH_rgwtk0d00000067656f6e6f64653a737769667483191fd89b474df98f73ed54c87e9915da74067f8aa3a65a31d8a6895409d3a556bf296c"
DEBUG:swiftclient:RESP STATUS: 201 Created
DEBUG:swiftclient:RESP HEADERS: [('date', 'Tue, 24 Feb 2015 07:03:12 GMT'), ('transfer-encoding', 'chunked'), ('connection', 'close'), ('content-type', 'text/plain; charset=utf-8'), ('server', 'Apache/2.2.22 (Fedora)')]
INFO:client.py:Uploading  file JE3401.laz [size:7040850 | type:None]...
INFO:requests.packages.urllib3.connectionpool:Resetting dropped connection: cephclient.lan.dream.upd.edu.ph
DEBUG:requests.packages.urllib3.connectionpool:"PUT /swift/v1/JE3401.laz HTTP/1.1" 201 None
DEBUG:swiftclient:REQ: curl -i https://cephclient.lan.dream.upd.edu.ph/swift/v1/JE3401.laz -X PUT -H "X-Auth-Token: AUTH_rgwtk0d00000067656f6e6f64653a737769667483191fd89b474df98f73ed54c87e9915da74067f8aa3a65a31d8a6895409d3a556bf296c"
DEBUG:swiftclient:RESP STATUS: 201 Created
DEBUG:swiftclient:RESP HEADERS: [('date', 'Tue, 24 Feb 2015 07:03:13 GMT'), ('transfer-encoding', 'chunked'), ('connection', 'close'), ('content-type', 'text/plain; charset=utf-8'), ('server', 'Apache/2.2.22 (Fedora)')]
INFO:client.py:Uploading  file JE3401_ortho.tif [size:17299767 | type:image/tiff]...
INFO:requests.packages.urllib3.connectionpool:Resetting dropped connection: cephclient.lan.dream.upd.edu.ph
DEBUG:requests.packages.urllib3.connectionpool:"PUT /swift/v1/JE3401_ortho.tif HTTP/1.1" 201 None
DEBUG:swiftclient:REQ: curl -i https://cephclient.lan.dream.upd.edu.ph/swift/v1/JE3401_ortho.tif -X PUT -H "X-Auth-Token: AUTH_rgwtk0d00000067656f6e6f64653a737769667483191fd89b474df98f73ed54c87e9915da74067f8aa3a65a31d8a6895409d3a556bf296c"
DEBUG:swiftclient:RESP STATUS: 201 Created
DEBUG:swiftclient:RESP HEADERS: [('date', 'Tue, 24 Feb 2015 07:03:14 GMT'), ('transfer-encoding', 'chunked'), ('connection', 'close'), ('content-type', 'text/plain; charset=utf-8'), ('server', 'Apache/2.2.22 (Fedora)')]
INFO:client.py:Uploading  file JE3404_dem.tif [size:5769980 | type:image/tiff]...
INFO:requests.packages.urllib3.connectionpool:Resetting dropped connection: cephclient.lan.dream.upd.edu.ph
DEBUG:requests.packages.urllib3.connectionpool:"PUT /swift/v1/JE3404_dem.tif HTTP/1.1" 201 None
DEBUG:swiftclient:REQ: curl -i https://cephclient.lan.dream.upd.edu.ph/swift/v1/JE3404_dem.tif -X PUT -H "X-Auth-Token: AUTH_rgwtk0d00000067656f6e6f64653a737769667483191fd89b474df98f73ed54c87e9915da74067f8aa3a65a31d8a6895409d3a556bf296c"
DEBUG:swiftclient:RESP STATUS: 201 Created
DEBUG:swiftclient:RESP HEADERS: [('date', 'Tue, 24 Feb 2015 07:03:15 GMT'), ('transfer-encoding', 'chunked'), ('connection', 'close'), ('content-type', 'text/plain; charset=utf-8'), ('server', 'Apache/2.2.22 (Fedora)')]
INFO:client.py:Uploading  file JE3404.laz [size:9231953 | type:None]...
INFO:requests.packages.urllib3.connectionpool:Resetting dropped connection: cephclient.lan.dream.upd.edu.ph
DEBUG:requests.packages.urllib3.connectionpool:"PUT /swift/v1/JE3404.laz HTTP/1.1" 201 None
DEBUG:swiftclient:REQ: curl -i https://cephclient.lan.dream.upd.edu.ph/swift/v1/JE3404.laz -X PUT -H "X-Auth-Token: AUTH_rgwtk0d00000067656f6e6f64653a737769667483191fd89b474df98f73ed54c87e9915da74067f8aa3a65a31d8a6895409d3a556bf296c"
DEBUG:swiftclient:RESP STATUS: 201 Created
DEBUG:swiftclient:RESP HEADERS: [('date', 'Tue, 24 Feb 2015 07:03:16 GMT'), ('transfer-encoding', 'chunked'), ('connection', 'close'), ('content-type', 'text/plain; charset=utf-8'), ('server', 'Apache/2.2.22 (Fedora)')]
INFO:client.py:Uploading  file JE3404_ortho.tif [size:17299767 | type:image/tiff]...
INFO:requests.packages.urllib3.connectionpool:Resetting dropped connection: cephclient.lan.dream.upd.edu.ph
DEBUG:requests.packages.urllib3.connectionpool:"PUT /swift/v1/JE3404_ortho.tif HTTP/1.1" 201 None
DEBUG:swiftclient:REQ: curl -i https://cephclient.lan.dream.upd.edu.ph/swift/v1/JE3404_ortho.tif -X PUT -H "X-Auth-Token: AUTH_rgwtk0d00000067656f6e6f64653a737769667483191fd89b474df98f73ed54c87e9915da74067f8aa3a65a31d8a6895409d3a556bf296c"
DEBUG:swiftclient:RESP STATUS: 201 Created
DEBUG:swiftclient:RESP HEADERS: [('date', 'Tue, 24 Feb 2015 07:03:18 GMT'), ('transfer-encoding', 'chunked'), ('connection', 'close'), ('content-type', 'text/plain; charset=utf-8'), ('server', 'Apache/2.2.22 (Fedora)')]
